<?xml version="1.0" encoding="UTF-8"?>
<!-- Generated by org.testng.reporters.JUnitReportReporter -->
<testsuite hostname="DESKTOP-HCFSD6K" failures="0" tests="1" name="validator.InvoiceValidationTest" time="0.027" errors="0" timestamp="2025-06-30T18:28:18 IST" skipped="0">
  <testcase classname="validator.InvoiceValidationTest" name="validateInvoice" time="0.027"/>
  <system-out/>
</testsuite> <!-- validator.InvoiceValidationTest -->
